1651677028881	geckodriver	INFO	Listening on 127.0.0.1:62394
1651677031960	mozrunner::runner	INFO	Running command: "C:\\Program Files\\Mozilla Firefox\\firefox.exe" "--marionette" "-no-remote" "-profile" "C:\\Users\\Razke\\AppData\\Local\\Temp\\rust_mozprofilefUBSkz"
1651677032974	Marionette	INFO	Marionette enabled
console.warn: SearchSettings: "get: No settings file exists, new profile?" (new NotFoundError("Could not open the file at C:\\Users\\Razke\\AppData\\Local\\Temp\\rust_mozprofilefUBSkz\\search.json.mozlz4", (void 0)))
1651677036263	Marionette	INFO	Listening on port 62424
Read port: 62424
1651677036375	RemoteAgent	WARN	TLS certificate errors will be ignored for this session
JavaScript error: https://www.rewe.de/angebote/dettingen/865862/rewe-markt-kirchheimer-str-138 line 6 > injectedScript, line 2: ReferenceError: fbq is not defined
console.warn: LoginRecipes: "getRecipes: falling back to a synchronous message for:" "https://www.rewe.de"
console.warn: LoginRecipes: "getRecipes: falling back to a synchronous message for:" "https://www.rewe.de"
JavaScript error: resource://devtools/server/connectors/js-window-actor/DevToolsFrameParent.jsm, line 217: TypeError: watcher is undefined
JavaScript error: resource://devtools/server/connectors/js-window-actor/DevToolsFrameParent.jsm, line 217: TypeError: watcher is undefined
JavaScript error: resource://devtools/server/connectors/js-window-actor/DevToolsFrameParent.jsm, line 217: TypeError: watcher is undefined
JavaScript error: resource://devtools/server/connectors/js-window-actor/DevToolsFrameParent.jsm, line 217: TypeError: watcher is undefined
JavaScript error: resource://devtools/server/connectors/js-window-actor/DevToolsFrameParent.jsm, line 217: TypeError: watcher is undefined
JavaScript error: resource://devtools/server/connectors/js-window-actor/DevToolsFrameParent.jsm, line 217: TypeError: watcher is undefined
JavaScript error: resource://devtools/server/connectors/js-window-actor/DevToolsFrameParent.jsm, line 217: TypeError: watcher is undefined
JavaScript error: resource://devtools/server/connectors/js-window-actor/DevToolsFrameParent.jsm, line 217: TypeError: watcher is undefined
JavaScript error: resource://devtools/server/connectors/js-window-actor/DevToolsFrameParent.jsm, line 217: TypeError: watcher is undefined
JavaScript error: resource://devtools/server/connectors/js-window-actor/DevToolsFrameParent.jsm, line 217: TypeError: watcher is undefined
JavaScript error: , line 0: NotFoundError: No such JSWindowA1651677185903	mozrunner::runner	INFO	Running command: "C:\\Program Files\\Mozilla Firefox\\firefox.exe" "--marionette" "-no-remote" "-profile" "C:\\Users\\Razke\\AppData\\Local\\Temp\\rust_mozprofilerr6avY"
1651677186722	Marionette	INFO	Marionette enabled
console.warn: SearchSettings: "get: No settings file exists, new profile?" (new NotFoundError("Could not open the file at C:\\Users\\Razke\\AppData\\Local\\Temp\\rust_mozprofilerr6avY\\search.json.mozlz4", (void 0)))
1651677190045	Marionette	INFO	Listening on port 62635
Read port: 62635
1651677190110	RemoteAgent	WARN	TLS certificate errors will be ignored for this session
1651677193675	Marionette	WARN	TimedPromise timed out after 500 ms: stacktrace:
TimedPromise/<@chrome://remote/content/marionette/sync.js:235:19
TimedPromise@chrome://remote/content/marionette/sync.js:220:10
interaction.flushEventLoop@chrome://remote/content/marionette/interaction.js:431:10
webdriverClickElement@chrome://remote/content/marionette/interaction.js:179:31
1651677198473	geckodriver	INFO	Listening on 127.0.0.1:62719
1651677201508	mozrunner::runner	INFO	Running command: "C:\\Program Files\\Mozilla Firefox\\firefox.exe" "--marionette" "-no-remote" "-profile" "C:\\Users\\Razke\\AppData\\Local\\Temp\\rust_mozprofileYkbtsW"
1651677202055	Marionette	INFO	Marionette enabled
console.warn: SearchSettings: "get: No settings file exists, new profile?" (new NotFoundError("Could not open the file at C:\\Users\\Razke\\AppData\\Local\\Temp\\rust_mozprofileYkbtsW\\search.json.mozlz4", (void 0)))
1651677204631	Marionette	INFO	Listening on port 62752
Read port: 62752
1651677204676	RemoteAgent	WARN	TLS certificate errors will be ignored for this session
JavaScript error: https://www.rewe.de/angebote/dettingen/865862/rewe-markt-kirchheimer-str-138 line 6 > injectedScript, line 2: ReferenceError: fbq is not defined
console.warn: LoginRecipes: "getRecipes: falling back to a synchronous message for:" "https://www.rewe.de"
console.warn: LoginRecipes: "getRecipes: falling back to a synchronous message for:" "https://www.rewe.de"
console.error: "Unable to find target with innerWindowId:8589934593"
JavaScript error: resource://gre/modules/AsyncShutdown.jsm, 1651677404912	mozrunner::runner	INFO	Running command: "C:\\Program Files\\Mozilla Firefox\\firefox.exe" "--marionette" "-no-remote" "-profile" "C:\\Users\\Razke\\AppData\\Local\\Temp\\rust_mozprofileghx9Cq"
1651677405638	Marionette	INFO	Marionette enabled
console.warn: SearchSettings: "get: No settings file exists, new profile?" (new NotFoundError("Could not open the file at C:\\Users\\Razke\\AppData\\Local\\Temp\\rust_mozprofileghx9Cq\\search.json.mozlz4", (void 0)))
1651677408261	Marionette	INFO	Listening on port 62968
Read port: 62968
1651677408339	RemoteAgent	WARN	TLS certificate errors will be ignored for this session
JavaScript error: https://www.rewe.de/angebote/dettingen/865862/rewe-markt-kirchheimer-str-138?categories=kuehlung%2Ctiefkuehl%2Csuesses-und-salziges%2Calkoholfreie-getraenke%2Cbier%2Cwein-und-spirituosen line 6 > injectedScript, line 2: ReferenceError: fbq is not defined
console.warn: LoginRecipes: "getRecipes: falling back to a synchronous message for:" "https://www.rewe.de"
console.warn: LoginRecipes: "getRecipes: falling back to a synchronous message for:" "https://www.rewe.de"
console.error: "Unable to find target with innerWindowId:8589934593"
JavaScript error: resource://gre/modules/AsyncShutdown.jsm, line 575: NotFoundError: No such JSWindowActor 'DevToolsFrame'
JavaScript error: resource://gre/modules/AsyncShutdown.jsm, line 575: NotFoundError: No such JSWindowActor1651677484880	mozrunner::runner	INFO	Running command: "C:\\Program Files\\Mozilla Firefox\\firefox.exe" "--marionette" "-no-remote" "-profile" "C:\\Users\\Razke\\AppData\\Local\\Temp\\rust_mozprofile4GcLaM"
1651677485379	Marionette	INFO	Marionette enabled
console.warn: SearchSettings: "get: No settings file exists, new profile?" (new NotFoundError("Could not open the file at C:\\Users\\Razke\\AppData\\Local\\Temp\\rust_mozprofile4GcLaM\\search.json.mozlz4", (void 0)))
1651677487986	Marionette	INFO	Listening on port 63171
Read port: 63171
1651677488070	RemoteAgent	WARN	TLS certificate errors will be ignored for this session
JavaScript error: https://www.rewe.de/angebote/dettingen/865862/rewe-markt-kirchheimer-str-138?categories=kuehlung%2Ctiefkuehl%2Csuesses-und-salziges%2Calkoholfreie-getraenke%2Cbier%2Cwein-und-spirituosen line 6 > injectedScript, line 2: ReferenceError: fbq is not defined
console.warn: LoginRecipes: "getRecipes: falling back to a synchronous message for:" "https://www.rewe.de"
console.warn: LoginRecipes: "getRecipes: falling back to a synchronous message for:" "https://www.rewe.de"
ame=PGPU::Msg_ShutdownVR) Channel closing: too late to send/recv, messages will be lost

1651677514931	geckodriver	INFO	Listening on 127.0.0.1:63284
1651677522374	geckodriver	INFO	Listening on 127.0.0.1:63288
1651677528000	geckodriver	INFO	Listening on 127.0.0.1:63297
1651677531049	mozrunner::runner	INFO	Running command: "C:\\Program Files\\Mozilla Firefox\\firefox.exe" "--marionette" "-no-remote" "-profile" "C:\\Users\\Razke\\AppData\\Local\\Temp\\rust_mozprofilekPtxJK"
1651677531551	Marionette	INFO	Marionette enabled
console.warn: SearchSettings: "get: No settings file exists, new profile?" (new NotFoundError("Could not open the file at C:\\Users\\Razke\\AppData\\Local\\Temp\\rust_mozprofilekPtxJK\\search.json.mozlz4", (void 0)))
1651677534168	Marionette	INFO	Listening on port 63325
Read port: 63325
1651677534222	RemoteAgent	WARN	TLS certificate errors will be ignored for this session
JavaScript error: https://www.rewe.de/angebote/dettingen/865862/rewe-markt-kirchheimer-str-138?categories=kuehlung%2Ctiefkuehl%2Csuesses-und-salziges%2Calkoholfreie-getraenke%2Cbier%2Cwein-und-spirituosen line 6 > injectedScript, line 2: ReferenceError: fbq is not defined
console.warn: LoginRecipes: "getRecipes: falling back to a synchronous message for:" "https://www.rewe.de"
console.warn: LoginRecipes: "getRecipes: falling back to a synchronous message for:" "https://www.rewe.de"

###!!! [Child][PContentChild] Error: RunMessage(msgname=PContent::Msg_CommitBrowsingContextTransaction) Channel closing: too late to send/recv, messages will be lost

console.error: "Unable to find target with innerWindowId:8589934593"
1651677896324	geckodriver	INFO	Listening on 127.0.0.1:63611
1651677899360	mozrunner::runner	INFO	Running command: "C:\\Program Files\\Mozilla Firefox\\firefox.exe" "--marionette" "-no-remote" "-profile" "C:\\Users\\Razke\\AppData\\Local\\Temp\\rust_mozprofilelsakjS"
1651677899957	Marionette	INFO	Marionette enabled
console.warn: SearchSettings: "get: No settings file exists, new profile?" (new NotFoundError("Could not open the file at C:\\Users\\Razke\\AppData\\Local\\Temp\\rust_mozprofilelsakjS\\search.json.mozlz4", (void 0)))
1651677903207	Marionette	INFO	Listening on port 63641
Read port: 63641
1651677903301	RemoteAgent	WARN	TLS certificate errors will be ignored for this session
1651678079256	geckodriver	INFO	Listening on 127.0.0.1:63800
1651678082298	mozrunner::runner	INFO	Running command: "C:\\Program Files\\Mozilla Firefox\\firefox.exe" "--marionette" "-no-remote" "-profile" "C:\\Users\\Razke\\AppData\\Local\\Temp\\rust_mozprofilemX2nOW"
1651678082875	Marionette	INFO	Marionette enabled
console.warn: SearchSettings: "get: No settings file exists, new profile?" (new NotFoundError("Could not open the file at C:\\Users\\Razke\\AppData\\Local\\Temp\\rust_mozprofilemX2nOW\\search.json.mozlz4", (void 0)))
1651678086097	Marionette	INFO	Listening on port 63831
Read port: 63831
1651678086135	RemoteAgent	WARN	TLS certificate errors will be ignored for this session
JavaScript error: https://www.rewe.de/angebote/dettingen/865862/rewe-markt-kirchheimer-str-138?categories=kuehlung%2Ctiefkuehl%2Csuesses-und-salziges%2Calkoholfreie-getraenke%2Cbier%2Cwein-und-spirituosen line 6 > injectedScript, line 2: ReferenceError: fbq is not defined
console.warn: LoginRecipes: "getRecipes: falling back to a synchronous message for:" "https://www.rewe.de"
console.warn: LoginRecipes: "getRecipes: falling back to a synchronous message for:" "https://www.rewe.de"
1651678710280	Marionette	INFO	Stopped listening on port 63831
[Parent 25256, IPC I/O Parent] WARNING: file /builds/worker/checkouts/gecko/ipc/chromium/src/base/process_util_win.cc:167
mote" "-profile" "C:\\Users\\Razke\\AppData\\Local\\Temp\\rust_mozprofileCCDWKe"
1651678126835	Marionette	INFO	Marionette enabled
console.warn: SearchSettings: "get: No settings file exists, new profile?" (new NotFoundError("Could not open the file at C:\\Users\\Razke\\AppData\\Local\\Temp\\rust_mozprofileCCDWKe\\search.json.mozlz4", (void 0)))
1651678129514	Marionette	INFO	Listening on port 64003
Read port: 64003
1651678129603	RemoteAgent	WARN	TLS certificate errors will be ignored for this session
JavaScript error: https://www.rewe.de/angebote/dettingen/865862/rewe-markt-kirchheimer-str-138?categories=kuehlung%2Ctiefkuehl%2Csuesses-und-salziges%2Calkoholfreie-getraenke%2Cbier%2Cwein-und-spirituosen line 6 > injectedScript, line 2: ReferenceError: fbq is not defined
console.warn: LoginRecipes: "getRecipes: falling back to a synchronous message for:" "https://www.rewe.de"
console.warn: LoginRecipes: "getRecipes: falling back to a synchronous message for:" "https://www.rewe.de"
1651678710776	Marionette	INFO	Stopped listening on port 64003

###!!! [Parent][PGPUParent] Error: RunMessage(msgname=PGPU::Msg_ShutdownVR) Channel closing: too late to send/recv, messages will be lost

\\Users\\Razke\\AppData\\Local\\Temp\\rust_mozprofileJE7siR"
1651678154898	Marionette	INFO	Marionette enabled
console.warn: SearchSettings: "get: No settings file exists, new profile?" (new NotFoundError("Could not open the file at C:\\Users\\Razke\\AppData\\Local\\Temp\\rust_mozprofileJE7siR\\search.json.mozlz4", (void 0)))
1651678157642	Marionette	INFO	Listening on port 64173
Read port: 64173
1651678157748	RemoteAgent	WARN	TLS certificate errors will be ignored for this session
JavaScript error: https://www.rewe.de/angebote/dettingen/865862/rewe-markt-kirchheimer-str-138?categories=kuehlung%2Ctiefkuehl%2Csuesses-und-salziges%2Calkoholfreie-getraenke%2Cbier%2Cwein-und-spirituosen line 6 > injectedScript, line 2: ReferenceError: fbq is not defined
console.warn: LoginRecipes: "getRecipes: falling back to a synchronous message for:" "https://www.rewe.de"
console.warn: LoginRecipes: "getRecipes: falling back to a synchronous message for:" "https://www.rewe.de"
1651678711308	Marionette	INFO	Stopped listening on port 64173
1678289227	mozrunner::runner	INFO	Running command: "C:\\Program Files\\Mozilla Firefox\\firefox.exe" "--marionette" "-no-remote" "-profile" "C:\\Users\\Razke\\AppData\\Local\\Temp\\rust_mozprofileViyBwb"
1651678289767	Marionette	INFO	Marionette enabled
console.warn: SearchSettings: "get: No settings file exists, new profile?" (new NotFoundError("Could not open the file at C:\\Users\\Razke\\AppData\\Local\\Temp\\rust_mozprofileViyBwb\\search.json.mozlz4", (void 0)))
1651678292410	Marionette	INFO	Listening on port 64381
Read port: 64381
1651678292519	RemoteAgent	WARN	TLS certificate errors will be ignored for this session
JavaScript error: https://www.rewe.de/angebote/dettingen/865862/rewe-markt-kirchheimer-str-138?categories=kuehlung%2Ctiefkuehl%2Csuesses-und-salziges%2Calkoholfreie-getraenke%2Cbier%2Cwein-und-spirituosen line 6 > injectedScript, line 2: ReferenceError: fbq is not defined
console.warn: LoginRecipes: "getRecipes: falling back to a synchronous message for:" "https://www.rewe.de"
console.warn: LoginRecipes: "getRecipes: falling back to a synchronous message for:" "https://www.rewe.de"
console.warn: LoginRecipes: "getRecipes: falling back to a synchronous message for:" "https://www.rewe.de"
1651678711829	Marionette	INFO	Stopped listening on port 64381
[Parent 22928, IPC I/O Parent] WARNING: file /builds/worker/checkouts/gecko/ipc/chromium/src/base/process_util_win.cc:167
[Parent 22928, IPC I/O Parent] WARNING: file /builds/worker/checkouts/gecko/ipc/chromium/src/base/process_util_win.cc:167
nabled
console.warn: SearchSettings: "get: No settings file exists, new profile?" (new NotFoundError("Could not open the file at C:\\Users\\Razke\\AppData\\Local\\Temp\\rust_mozprofilefGQDtC\\search.json.mozlz4", (void 0)))
1651678476945	Marionette	INFO	Listening on port 56053
Read port: 56053
1651678477048	RemoteAgent	WARN	TLS certificate errors will be ignored for this session
JavaScript error: https://www.rewe.de/angebote/dettingen/865862/rewe-markt-kirchheimer-str-138?categories=kuehlung%2Ctiefkuehl%2Csuesses-und-salziges%2Calkoholfreie-getraenke%2Cbier%2Cwein-und-spirituosen line 6 > injectedScript, line 2: ReferenceError: fbq is not defined
console.warn: LoginRecipes: "getRecipes: falling back to a synchronous message for:" "https://www.rewe.de"
console.warn: LoginRecipes: "getRecipes: falling back to a synchronous message for:" "https://www.rewe.de"
1651678712296	Marionette	INFO	Stopped listening on port 56053

###!!! [Child][PContentChild] Error: Send(msgname=PHttpChannel::Msg_DeletingChannel) Channel closing: too late to send/recv, messages will be lost

[Parent 25048, IPC I/O Parent] WARNING: file /builds/worker/checkouts/gecko/ipc/chromium/src/base/process_util_win.cc:167
[Parent 25048, IPC I/O Parent] WARNING: DuplicateHandle failed for handle 0 in TransferHandles: file /builds/worker/checkouts/gecko/ipc/chromium/src/chrome/common/ipc_channel_win.cc:725
oid 0)))
1651678506654	Marionette	INFO	Listening on port 56227
Read port: 56227
1651678506755	RemoteAgent	WARN	TLS certificate errors will be ignored for this session
JavaScript error: https://www.rewe.de/angebote/dettingen/865862/rewe-markt-kirchheimer-str-138?categories=kuehlung%2Ctiefkuehl%2Csuesses-und-salziges%2Calkoholfreie-getraenke%2Cbier%2Cwein-und-spirituosen line 6 > injectedScript, line 2: ReferenceError: fbq is not defined
console.warn: LoginRecipes: "getRecipes: falling back to a synchronous message for:" "https://www.rewe.de"
console.error: "Failed to start [root-node] legacy listener for target null" (new Error("Connection closed, pending request to server0.conn0.windowGlobal6442450955/domwalker23, type watchRootNode failed\n\nRequest stack:\nrequest@resource://devtools/shared/protocol/Front.js:292:14\ngenerateRequestMethods/</frontProto[name]@resource://devtools/shared/protocol/Front/FrontClassWithSpec.js:46:19\nmodule.exports@resource://devtools/shared/commands/resource/legacy-listeners/root-node.js:60:31\n", "resource://devtools/shared/protocol/Front.js", 106))
console.warn: LoginRecipes: "getRecipes: falling back to a synchronous message for:" "https://www.rewe.de"
console.warn: "Error while destroying front:" "inspector" (new Error("Connection closed, pending request to server0.conn0.windowGlobal6442450967/inspectorActor4, type getWalker failed\n\nRequest stack:\nrequest@resource://devtools/shared/protocol/Front.js:292:14\ngenerateRequestMethods/</frontProto[name]@resource://devtools/shared/protocol/Front/FrontClassWithSpec.js:46:19\n_getWalker@resource://devtools/client/fronts/inspector.js:90:30\ninitialize@resource://devtools/client/fronts/inspector.js:79:12\n", "resource://devtools/shared/protocol/Front.js", 106))
console.error: "Failed to start [root-node] legacy listener for target null" (new Error("Connection closed, pending request to server0.conn0.windowGlobal6442450967/inspectorActor4, type getWalker failed\n\nRequest stack:\nrequest@resource://devtools/shared/protocol/Front.js:292:14\ngenerateRequestMethods/</frontProto[name]@resource://devtools/shared/protocol/Front/FrontClassWithSpec.js:46:19\n_getWalker@resource://devtools/client/fronts/inspector.js:90:30\ninitialize@resource://devtools/client/fronts/inspector.js:79:12\n", "resource://devtools/shared/protocol/Front.js", 106))
JavaScript error: resource://devtools/shared/protocol/Front.js, line 106: Error: Connection closed, pending request to server0.conn0.windowGlobal6442450967/inspectorActor4, type getWalker failed

Request stack:
request@resource://devtools/shared/protocol/Front.js:292:14
generateRequestMethods/</frontProto[name]@resource://devtools/shared/protocol/Front/FrontClassWithSpec.js:46:19
_getWalker@resource://devtools/client/fronts/inspector.js:90:30
initialize@resource://devtools/client/fronts/inspector.js:79:12

console.error: "Unable to find target with innerWindowId:8589934593"
JavaScript error: resource://gre/modules/AsyncShutdown.jsm, line 575: NotFoundError: No such JSWindowActor 'DevToolsFrame'
JavaScript error: resource://gre/modules/AsyncShutdown.jsm, line 575: NotFoundError: No such JSWindowActor 'DevToolsFrame'
JavaScript error: resource://gre/modules/AsyncShutdown.jsm, line 575: NotFoundError: No such JSWindowActor 'DevToolsFrame'
JavaScript error: resource://gre/modules/AsyncShutdown.jsm, line 575: NotFoundError: No such JSWindowActor 'DevToolsFrame'
JavaScript error: resource://gre/modules/AsyncShutdown.jsm, line 575: NotFoundError: No such JSWindowActor 'DevToolsFrame'
JavaScript error: resource://gre/modules/AsyncShutdown.jsm, line 575: NotFoundError: No such JSWindowActor 'DevToolsFrame'
JavaScript error: resource://gre/modules/AsyncShutdown.jsm, line 575: NotFoundError: No such JSWindowActor 'DevToolsFrame'
JavaScript error: resource://gre/modules/AsyncShutdown.jsm, line 575: NotFoundError: No such JSWindowActor 'DevToolsFrame'
JavaScript error: resource://gre/modules/AsyncShutdown.jsm, line 575: NotFoundError: No such JSWindowActor 'DevToolsFrame'
JavaScript error: resource://gre/modules/AsyncShutdown.jsm, line 575:1651678713446	Marionette	INFO	Stopped listening on port 56447
[Parent 23144, IPC I/O Parent] WARNING: DuplicateHandle failed for handle 0 in TransferHandles: file /builds/worker/checkouts/gecko/ipc/chromium/src/chrome/common/ipc_channel_win.cc:725

###!!! [Parent][PGPUParent] Error: RunMessage(msgname=PGPU::Msg_Sconsole.warn: SearchSettings: "get: No settings file exists, new profile?" (new NotFoundError("Could not open the file at C:\\Users\\Razke\\AppData\\Local\\Temp\\rust_mozprofileuPP5Wn\\search.json.mozlz4", (void 0)))
1651678714755	Marionette	INFO	Listening on port 56651
Read port: 56651
1651678714798	RemoteAgent	WARN	TLS certificate errors will be ignored for this session
JavaScript error: https://www.rewe.de/angebote/dettingen/865862/rewe-markt-kirchheimer-str-138?categories=kuehlung%2Ctiefkuehl%2Csuesses-und-salziges%2Calkoholfreie-getraenke%2Cbier%2Cwein-und-spirituosen line 6 > injectedScript, line 2: ReferenceError: fbq is not defined
console.warn: LoginRecipes: "getRecipes: falling back to a synchronous message for:" "https://www.rewe.de"
console.warn: LoginRecipes: "getRecipes: falling back to a synchronous message for:" "https://www.rewe.de"
1651678778075	Marionette	INFO	Stopped listening on port 56651651678779579	mozrunner::runner	INFO	Running command: "C:\\Program Files\\Mozilla Firefox\\firefox.exe" "--marionette" "-no-remote" "-profile" "C:\\Users\\Razke\\AppData\\Local\\Temp\\rust_mozprofileuSXQPj"
1651678780183	Marionette	INFO	Marionette enabled
console.warn: SearchSettings: "get: No settings file exists, new profile?" (new NotFoundError("Could not open the file at C:\\Users\\Razke\\AppData\\Local\\Temp\\rust_mozprofileuSXQPj\\search.json.mozlz4", (void 0)))
1651678782910	Marionette	INFO	Listening on port 56841
Read port: 56841
1651678783029	RemoteAgent	WARN	TLS certificate errors will be ignored for this session
JavaScript error: https://www.rewe.de/angebote/dettingen/865862/rewe-markt-kirchheimer-str-138?categories=kuehlung%2Ctiefkuehl%2Csuesses-und-salziges%2Calkoholfreie-getraenke%2Cbier%2Cwein-und-spirituosen line 6 > injectedScript, line 2: ReferenceError: fbq is not defined
console.warn: LoginRecipes: "getRecipes: falling back to a synchronous message for:" "https://www.rewe.de"
console.warn: LoginRecipes: "getRecipes: falling back to a synchronous message for:" "https://www.rewe.de"
1651678875317	geckodriver	INFO	Listening on 127.0.0.1:62977
1651678878353	mozrunner::runner	INFO	Running command: "C:\\Program Files\\Mozilla Firefox\\firefox.exe" "--marionette" "-no-remote" "-profile" "C:\\Users\\Razke\\AppData\\Local\\Temp\\rust_mozprofileQ2OyTg"
1651678878855	Marionette	INFO	Marionette enabled
console.warn: SearchSettings: "get: No settings file exists, new profile?" (new NotFoundError("Could not open the file at C:\\Users\\Razke\\AppData\\Local\\Temp\\rust_mozprofileQ2OyTg\\search.json.mozlz4", (void 0)))
1651678881435	Marionette	INFO	Listening on port 63006
Read port: 63006
1651678881527	RemoteAgent	WARN	TLS certificate errors will be ignored for this session
JavaScript error: https://www.rewe.de/angebote/dettingen/865862/rewe-markt-kirchheimer-str-138?categories=kuehlung%2Ctiefkuehl%2Csuesses-und-salziges%2Calkoholfreie-getraenke%2Cbier%2Cwein-und-spirituosen line 6 > injectedScript, line 2: ReferenceError: fbq is not defined
console.warn: LoginRecipes: "getRecipes: falling back to a synchronous message for:" "https://www.rewe.de"
console.warn: LoginRecipes: "getRecipes: falling back to a synchronous message for:" "https://www.rewe.de"
1652001869376	geckodriver	INFO	Listening on 127.0.0.1:65069
1652001872404	mozrunner::runner	INFO	Running command: "C:\\Program Files\\Mozilla Firefox\\firefox.exe" "--marionette" "-no-remote" "-profile" "C:\\Users\\Razke\\AppData\\Local\\Temp\\rust_mozprofileyP9gfC"
1652001872816	Marionette	INFO	Marionette enabled
console.warn: SearchSettings: "get: No settings file exists, new profile?" (new NotFoundError("Could not open the file at C:\\Users\\Razke\\AppData\\Local\\Temp\\rust_mozprofileyP9gfC\\search.json.mozlz4", (void 0)))
1652001875248	Marionette	INFO	Listening on port 65099
Read port: 65099
1652001875326	RemoteAgent	WARN	TLS certificate errors will be ignored for this session
JavaScript error: https://www.rewe.de/angebote/dettingen/865862/rewe-markt-kirchheimer-str-138 line 6 > injectedScript, line 2: ReferenceError: fbq is not defined
console.warn: LoginRecipes: "getRecipes: falling back to a synchronous message for:" "https://www.rewe.de"
console.warn: LoginRecipes: "getRecipes: falling back to a synchronous message for:" "https://www.rewe.de"
1652001919350	Marionette	INFO	Stopped listening on port 65099
1652002043309	geckodriver	INFO	Listening on 127.0.0.1:65319
1652002046339	mozrunner::runner	INFO	Running command: "C:\\Program Files\\Mozilla Firefox\\firefox.exe" "--marionette" "-no-remote" "-profile" "C:\\Users\\Razke\\AppData\\Local\\Temp\\rust_mozprofile2RH6s0"
1652002046656	Marionette	INFO	Marionette enabled
console.warn: SearchSettings: "get: No settings file exists, new profile?" (new NotFoundError("Could not open the file at C:\\Users\\Razke\\AppData\\Local\\Temp\\rust_mozprofile2RH6s0\\search.json.mozlz4", (void 0)))
1652002048607	Marionette	INFO	Listening on port 65347
Read port: 65347
1652002048702	RemoteAgent	WARN	TLS certificate errors will be ignored for this session
console.error: "Unable to find target with innerWindowId:8589934593"
JavaScript error: resource://gre/modules/AsyncShutdown.jsm, 1652002147979	mozrunner::runner	INFO	Running command: "C:\\Program Files\\Mozilla Firefox\\firefox.exe" "--marionette" "-no-remote" "-profile" "C:\\Users\\Razke\\AppData\\Local\\Temp\\rust_mozprofileTT4Rr3"
1652002148297	Marionette	INFO	Marionette enabled
console.warn: SearchSettings: "get: No settings file exists, new profile?" (new NotFoundError("Could not open the file at C:\\Users\\Razke\\AppData\\Local\\Temp\\rust_mozprofileTT4Rr3\\search.json.mozlz4", (void 0)))
1652002150335	Marionette	INFO	Listening on port 65494
Read port: 65494
1652002150451	RemoteAgent	WARN	TLS certificate errors will be ignored for this session
1652002205233	Marionette	INFO	Stopped listening on port 65491652002205664	mozrunner::runner	INFO	Running command: "C:\\Program Files\\Mozilla Firefox\\firefox.exe" "--marionette" "-no-remote" "-profile" "C:\\Users\\Razke\\AppData\\Local\\Temp\\rust_mozprofilezSc1Q8"
1652002206004	Marionette	INFO	Marionette enabled
console.warn: SearchSettings: "get: No settings file exists, new profile?" (new NotFoundError("Could not open the file at C:\\Users\\Razke\\AppData\\Local\\Temp\\rust_mozprofilezSc1Q8\\search.json.mozlz4", (void 0)))
1652002208053	Marionette	INFO	Listening on port 49240
Read port: 49240
1652002208128	RemoteAgent	WARN	TLS certificate errors will be ignored for this session
1652002291825	geckodriver	INFO	Listening on 127.0.0.1:49372
1652002294847	mozrunner::runner	INFO	Running command: "C:\\Program Files\\Mozilla Firefox\\firefox.exe" "--marionette" "-no-remote" "-profile" "C:\\Users\\Razke\\AppData\\Local\\Temp\\rust_mozprofilemXKEtx"
1652002295203	Marionette	INFO	Marionette enabled
console.warn: SearchSettings: "get: No settings file exists, new profile?" (new NotFoundError("Could not open the file at C:\\Users\\Razke\\AppData\\Local\\Temp\\rust_mozprofilemXKEtx\\search.json.mozlz4", (void 0)))
1652002297592	Marionette	INFO	Listening on port 49407
Read port: 49407
1652002297645	RemoteAgent	WARN	TLS certificate errors will be ignored for this session
JavaScript error: https://www.rewe.de/angebote/dettingen/865862/rewe-markt-kirchheimer-str-138 line 6 > injectedScript, line 2: ReferenceError: fbq is not defined
console.warn: LoginRecipes: "getRecipes: falling back to a synchronous message for:" "https://www.rewe.de"
console.warn: LoginRecipes: "getRecipes: falling back to a synchronous message for:" "https://www.rewe.de"
1652002327310	Marionette	INFO	Stopped listening on port 49407
[Parent 19868, IPC I/O Parent] WARNING: file /builds/worker/checkouts/gecko/ipc/chromium/src/base/process_util_win.cc:167
[Parent 19868, IPC I/O Parent] WARNING: file /builds/worker/checkouts/gecko/ipc/chromium/src/base/process_util_win.cc:167
[Parent 19868, IPC I/O Parent] WARNING: file /builds/worker/checkouts/gecko/ipc/chromium/src/base/process_util_win.cc:167
[Parent 19868, IPC I/O Parent] WARNING: file /builds/worker/checkouts/gecko/ipc/chromium/src/base/process_util_win.cc:167
[Parent 19868, IPC I/O Parent] WARNING: file /builds/worker/checkouts/gecko/ipc/chromium/src/base/process_util_win.cc:167
[Parent 19868, IPC I/O Parent] WARNING: file /builds/worker/checkouts/gecko/ipc/chromium/src/base/process_util_win.cc:167
1652006860026	geckodriver	INFO	Listening on 127.0.0.1:59980
1652006863051	mozrunner::runner	INFO	Running command: "C:\\Program Files\\Mozilla Firefox\\firefox.exe" "--marionette" "-no-remote" "-profile" "C:\\Users\\Razke\\AppData\\Local\\Temp\\rust_mozprofileYAbcOe"
1652006863419	Marionette	INFO	Marionette enabled
console.warn: SearchSettings: "get: No settings file exists, new profile?" (new NotFoundError("Could not open the file at C:\\Users\\Razke\\AppData\\Local\\Temp\\rust_mozprofileYAbcOe\\search.json.mozlz4", (void 0)))
1652006865699	Marionette	INFO	Listening on port 60004
Read port: 60004
1652006865739	RemoteAgent	WARN	TLS certificate errors will be ignored for this session
JavaScript error: https://www.rewe.de/angebote/dettingen/865862/rewe-markt-kirchheimer-str-138 line 6 > injectedScript, line 2: ReferenceError: fbq is not defined
console.warn: LoginRecipes: "getRecipes: falling back to a synchronous message for:" "https://www.rewe.de"
console.warn: LoginRecipes: "getRecipes: falling back to a synchronous message for:" "https://www.rewe.de"
1652006913985	Marionette	INFO	Stopped listening on port 60001652006915396	mozrunner::runner	INFO	Running command: "C:\\Program Files\\Mozilla Firefox\\firefox.exe" "--marionette" "-no-remote" "-profile" "C:\\Users\\Razke\\AppData\\Local\\Temp\\rust_mozprofile5jOQ6x"
1652006915723	Marionette	INFO	Marionette enabled
console.warn: SearchSettings: "get: No settings file exists, new profile?" (new NotFoundError("Could not open the file at C:\\Users\\Razke\\AppData\\Local\\Temp\\rust_mozprofile5jOQ6x\\search.json.mozlz4", (void 0)))
1652006917836	Marionette	INFO	Listening on port 60176
Read port: 60176
1652006917872	RemoteAgent	WARN	TLS certificate errors will be ignored for this session
JavaScript error: https://www.rewe.de/angebote/dettingen/865862/rewe-markt-kirchheimer-str-138 line 6 > injectedScript, line 2: ReferenceError: fbq is not defined
console.warn: LoginRecipes: "getRecipes: falling back to a synchronous message for:" "https://www.rewe.de"
console.warn: LoginRecipes: "getRecipes: falling back to a synchronous message for:" "https://www.rewe.de"
1652006988804	Marionette	INFO	Stopped listening on port 60176
[Parent 13508, IPC I/O Parent] WARNING: file /builds/worker/checkouts/gecko/ipc/chromium/src/base/process_util_win.cc:167
[Parent 13508, IPC I/O Parent] WARNING: file /builds/worker/checkouts/gecko/ipc/chromium/src/base/process_util_win.cc:167
[Parent 13508, IPC I/O Parent] WARNING: file /builds/worker/checkouts/gecko/ipc/chromium/src/base/process_util_win.cc:167
[Parent 13508, IPC I/O Parent] WARNING: file /builds/worker/checkouts/gecko/ipc/chromium/src/base/process_util_win.cc:167
[Parent 13508, IPC I/O Parent] WARNING: file /builds/worker/checkouts/gecko/ipc/chromium/src/base/process_util_win.cc:167
[Parent 13508, IPC I/O Parent] WARNING: file /builds/worker/checkouts/gecko/ipc/chromium/src/base/process_util_win.cc:167

###!!! [Parent][PGPUParent] Error: RunMessage(msgname=PGPU::Msg_ShutdownVR) Channel closing: too late to send/recv, messages will be lost

"https://www.rewe.de"
console.warn: LoginRecipes: "getRecipes: falling back to a synchronous message for:" "https://www.rewe.de"
1652006988192	Marionette	INFO	Stopped listening on port 60358
[Parent 23120, IPC I/O Parent] WARNING: file /builds/worker/checkouts/gecko/ipc/chromium/src/base/process_util_win.cc:167
[Parent 23120, IPC I/O Parent] WARNING: file /builds/worker/checkouts/gecko/ipc/chromium/src/base/process_util_win.cc:167

###!!! [Parent][PGPUParent] Error: RunMessage(msgname=PGPU::Msg_ShutdownVR) Channel closing: too late to send/recv, messages will be lost

1652007062824	geckodriver	INFO	Listening on 127.0.0.1:60516
1652007065849	mozrunner::runner	INFO	Running command: "C:\\Program Files\\Mozilla Firefox\\firefox.exe" "--marionette" "-no-remote" "-profile" "C:\\Users\\Razke\\AppData\\Local\\Temp\\rust_mozprofilegTSGK4"
1652007066247	Marionette	INFO	Marionette enabled
console.warn: SearchSettings: "get: No settings file exists, new profile?" (new NotFoundError("Could not open the file at C:\\Users\\Razke\\AppData\\Local\\Temp\\rust_mozprofilegTSGK4\\search.json.mozlz4", (void 0)))
1652007068304	Marionette	INFO	Listening on port 60541
Read port: 60541
1652007068425	RemoteAgent	WARN	TLS certificate errors will be ignored for this session
JavaScript error: https://www.rewe.de/angebote/dettingen/865862/rewe-markt-kirchheimer-str-138 line 6 > injectedScript, line 2: ReferenceError: fbq is not defined
console.warn: LoginRecipes: "getRecipes: falling back to a synchronous message for:" "https://www.rewe.de"
console.warn: LoginRecipes: "getRecipes: falling back to a synchronous message for:" "https://www.rewe.de"
1652007087121	Marionette	INFO	Stopped listening on port 60541652007088331	mozrunner::runner	INFO	Running command: "C:\\Program Files\\Mozilla Firefox\\firefox.exe" "--marionette" "-no-remote" "-profile" "C:\\Users\\Razke\\AppData\\Local\\Temp\\rust_mozprofile5xWo4g"
1652007088682	Marionette	INFO	Marionette enabled
console.warn: SearchSettings: "get: No settings file exists, new profile?" (new NotFoundError("Could not open the file at C:\\Users\\Razke\\AppData\\Local\\Temp\\rust_mozprofile5xWo4g\\search.json.mozlz4", (void 0)))
1652007090764	Marionette	INFO	Listening on port 60727
Read port: 60727
1652007090806	RemoteAgent	WARN	TLS certificate errors will be ignored for this session
JavaScript error: https://www.rewe.de/angebote/dettingen/865862/rewe-markt-kirchheimer-str-138 line 6 > injectedScript, line 2: ReferenceError: fbq is not defined
console.warn: LoginRecipes: "getRecipes: falling back to a synchronous message for:" "https://www.rewe.de"
console.warn: LoginRecipes: "getRecipes: falling back to a synchronous message for:" "https://www.rewe.de"
JavaScript warning: https://pagead2.googlesyndication.com/bg/87D0VuGGyd8o4x1zT1VlOmQj8xrGMl1xcSeEyGhgSwY.js line 1 > eval line 4343 > eval line 1 > eval line 1 > eval, line 1: WEBGL_debug_renderer_info is deprecated in Firefox and will be removed. Please use RENDERER.
JavaScript warning: https://pagead2.googlesyndication.com/bg/87D0VuGGyd8o4x1zT1VlOmQj8xrGMl1xcSeEyGhgSwY.js line 1 > eval line 3770 > eval line 1 > eval line 1 > eval, line 1: WEBGL_debug_renderer_info is deprecated in Firefox and will be removed. Please use RENDERER.
JavaScript warning: https://pagead2.googlesyndication.com/bg/87D0VuGGyd8o4x1zT1VlOmQj8xrGMl1xcSeEyGhgSwY.js line 1 > eval line 4065 > eval line 1 > eval line 1 > eval, line 1: WEBGL_debug_renderer_info is deprecated in Firefox and will be removed. Please use RENDERER.
JavaScript error: , line 0: TypeError: NetworkError when attempting to fetch resource.
JavaScript error: , line 0: TypeError: NetworkError when attempting to fetch resource.
JavaScript error: , line 0: TypeError: NetworkError when attempting to fetch resource.
JavaScript warning: https://pagead2.googlesyndication.com/bg/87D0VuGGyd8o4x1zT1VlOmQj8xrGMl1xcSeEyGhgSwY.js line 1 > eval line 1528 > eval line 1 > eval line 1 > eval, line 1: WEBGL_debug_renderer_info is deprecated in Firefox and will be removed. Please use RENDERER.
JavaScript warning: https://cdn.js7k.com/rq/iv/inside.js, line 1: WEBGL_debug_renderer_info is deprecated in Firefox and will be removed. Please use RENDERER.
JavaScript warning: https://cdn.js7k.com/rq/iv/inside.js, line 1: WEBGL_debug_renderer_info is deprecated in Firefox and will be removed. Please use RENDERER.
JavaScript warning: https://cdn.js7k.com/rq/iv/inside.js, line 1: WEBGL_debug_renderer_info is deprecated in Firefox and will be removed. Please use RENDERER.
JavaScript error: , line 0: TypeError: NetworkError when attempting to fetch resource.
JavaScript error: , line 0: TypeError: NetworkError when attempting to fetch resource.
JavaScript error: , line 0: TypeError: NetworkError when attempting to fetch resource.
JavaScript error: , line 0: TypeError: NetworkError when attempting to fetch resource.
JavaScript error: , line 0: TypeError: NetworkError when attempting to fetch resource.
JavaScript error: , line 0: TypeError: NetworkError when attempting to fetch resource.
JavaScript warning: https://pagead2.googlesyndication.com/bg/87D0VuGGyd8o4x1zT1VlOmQj8xrGMl1xcSeEyGhgSwY.js line 1 > eval line 599 > eval line 1 > eval line 1 > eval, line 1: WEBGL_debug_renderer_info is deprecated in Firefox and will be removed. Please use RENDERER.
JavaScript error: https://s0.2mdn.net/sadbundle/3630430972408758272/index.html, line 323: TypeError: studio.Enabler is undefined
JavaScript warning: https://pagead2.googlesyndication.com/bg/87D0VuGGyd8o4x1zT1VlOmQj8xrGMl1xcSeEyGhgSwY.js line 1 > eval line 1645 > eval line 1 > eval line 1 > eval, line 1: WEBGL_debug_renderer_info is deprecated in Firefox and will be removed. Please use RENDERER.
JavaScript warning: https://pagead2.googlesyndication.com/bg/87D0VuGGyd8o4x1zT1VlOmQj8xrGMl1xcSeEyGhgSwY.js line 1 > eval line 7765 > eval line 1 > eval line 1 > eval, line 1: WEBGL_debug_renderer_info is deprecated in Firefox and will be removed. Please use RENDERER.
JavaScript warning: https://pagead2.googlesyndication.com/bg/87D0VuGGyd8o4x1zT1VlOmQj8xrGMl1xcSeEyGhgSwY.js line 1 > eval line 723 > eval line 1 > eval line 1 > eval, line 1: WEBGL_debug_renderer_info is deprecated in Firefox and will be removed. Please use RENDERER.
JavaScript warning: https://cdn.js7k.com/rq/iv/inside.js, line 1: WEBGL_debug_renderer_info is deprecated in Firefox and will be removed. Please use RENDERER.
JavaScript warning: https://cdn.js7k.com/rq/iv/inside.js, line 1: WEBGL_debug_renderer_info is deprecated in Firefox and will be removed. Please use RENDERER.
JavaScript error: , line 0: TypeError: NetworkError when attempting to fetch resource.
JavaScript error: , line 0: TypeError: NetworkError when attempting to fetch resource.
JavaScript error: , line 0: TypeError: NetworkError when attempting to fetch resource.
JavaScript error: , line 0: TypeError: NetworkError when attempting to fetch resource.
JavaScript error: , line 0: TypeError: NetworkError when attempting to fetch resource.
JavaScript error: , line 0: TypeError: NetworkError when attempting to fetch resource.
[Parent 23484, IPC I/O Parent] WARNING: file /builds/worker/checkouts/gecko/ipc/chromium/src/base/process_util_win.cc:167
[Parent 23484, IPC I/O Parent] WARNING: file /builds/worker/checkouts/gecko/ipc/chromium/src/base/process_util_win.cc:167
[Parent 23484, IPC I/O Parent] WARNING: file /builds/worker/checkouts/gecko/ipc/chromium/src/base/process_util_win.cc:167
[Parent 23484, IPC I/O Parent] WARNING: file /builds/worker/checkouts/gecko/ipc/chromium/src/base/process_util_win.cc:167
[Parent 23484, IPC I/O Parent] WARNING: file /builds/worker/checkouts/gecko/ipc/chromium/src/base/process_util_win.cc:167
JavaScript error: resource:///modules/FaviconLoader.jsm, line 598: InvalidStateError: JSWindowActorChild.sendAsyncMessage: JSWindowActorChild cannot send at the moment
JavaScript error: resource:///modules/FaviconLoader.jsm, line 598: InvalidStateError: JSWindowActorChild.sendAsyncMessage: JSWindowActorChild cannot send at the moment
JavaScript error: resource://gre/modules/AsyncShutdown.jsm, line 575: NotFoundError: No such JSWindowActor 'DevToolsFrame'
JavaScript error: resource://gre/modules/AsyncShutdown.jsm, line 575: NotFoundError: No such JSWindowActor 'DevToolsFrame'
JavaScript error: resource://gre/modules/AsyncShutdown.jsm, line 575: NotFoundError: No such JSWindowActor 'DevToolsFrame'
JavaScript error: resource://gre/modules/AsyncShutdown.jsm, line 575: NotFoundError: No such JSWindowActor 'DevToolsFrame'
JavaScript error: resource://gre/modules/AsyncShutdown.jsm, line 575: NotFoundError: No such JSWindowActor 'DevToolsFrame'
JavaScript error: resource://gre/modules/AsyncShutdown.jsm, line 575: NotFoundError: No such JSWindowActor 'DevToolsFrame'
JavaScript error: resource://gre/modules/AsyncShutdown.jsm, line 575: NotFoundError: No such JSWindowActor 'DevToolsFrame'
JavaScript error: resource://gre/modules/AsyncShutdown.jsm, line 575: NotFoundError: No such JSWindowActor 'DevToolsFrame'
JavaScript error: resource://gre/modules/AsyncShutdown.jsm, line 575: NotFoundError: No such JSWindowActor 'DevToolsFrame'
JavaScript error: resource://gre/modules/AsyncShutdown.jsm, line 575: NotFoundError: No such JSWindowActor 'DevToolsFrame'
1652008805042	Marionette	INFO	Stopped listening on port 60727
[Parent 23484, IPC I/O Parent] WARNING: file /builds/worker/checkouts/gecko/ipc/chromium/src/base/process_util_win.cc:167
[Parent 23484, IPC I/O Parent] WARNING: file /builds/worker/checkouts/gecko/ipc/chromium/src/base/process_util_win.cc:167
[Parent 23484, IPC I/O Parent] WARNING: file /builds/worker/checkouts/gecko/ipc/chromium/src/base/process_util_win.cc:167
[Parent 23484, IPC I/O Parent] WARNING: file /builds/worker/checkouts/gecko/ipc/chromium/src/base/process_util_win.cc:167
[Parent 23484, IPC I/O Parent] WARNING: file /builds/worker/checkouts/gecko/ipc/chromium/src/base/process_util_win.cc:167
closing: too late to send/recv, messages will be lost

1652008078107	geckodriver	INFO	Listening on 127.0.0.1:53813
1652008081132	mozrunner::runner	INFO	Running command: "C:\\Program Files\\Mozilla Firefox\\firefox.exe" "--marionette" "-no-remote" "-profile" "C:\\Users\\Razke\\AppData\\Local\\Temp\\rust_mozprofilepfc4Uj"
1652008081428	Marionette	INFO	Marionette enabled
console.warn: SearchSettings: "get: No settings file exists, new profile?" (new NotFoundError("Could not open the file at C:\\Users\\Razke\\AppData\\Local\\Temp\\rust_mozprofilepfc4Uj\\search.json.mozlz4", (void 0)))
1652008083514	Marionette	INFO	Listening on port 53844
Read port: 53844
1652008083603	RemoteAgent	WARN	TLS certificate errors will be ignored for this session
JavaScript error: https://www.rewe.de/angebote/dettingen/865862/rewe-markt-kirchheimer-str-138 line 6 > injectedScript, line 2: ReferenceError: fbq is not defined
console.warn: LoginRecipes: "getRecipes: falling back to a synchronous message for:" "https://www.rewe.de"
console.warn: LoginRecipes: "getRecipes: falling back to a synchronous message for:" "https://www.rewe.de"
1652008092290	Marionette	INFO	Stopped listening on port 53844

###!!! [Parent][PGPUParent] Error: RunMessage(msgname=PGPU::Msg_ShutdownVR) Channel closing: too late to send/recv, messages will be lost

1652008547164	geckodriver	INFO	Listening on 127.0.0.1:54054
1652008550185	mozrunner::runner	INFO	Running command: "C:\\Program Files\\Mozilla Firefox\\firefox.exe" "--marionette" "-no-remote" "-profile" "C:\\Users\\Razke\\AppData\\Local\\Temp\\rust_mozprofileJshob4"
1652008550519	Marionette	INFO	Marionette enabled
console.warn: SearchSettings: "get: No settings file exists, new profile?" (new NotFoundError("Could not open the file at C:\\Users\\Razke\\AppData\\Local\\Temp\\rust_mozprofileJshob4\\search.json.mozlz4", (void 0)))
1652008552784	Marionette	INFO	Listening on port 54083
Read port: 54083
1652008552870	RemoteAgent	WARN	TLS certificate errors will be ignored for this session
JavaScript error: https://www.rewe.de/angebote/dettingen/865862/rewe-markt-kirchheimer-str-138 line 6 > injectedScript, line 2: ReferenceError: fbq is not defined
console.warn: LoginRecipes: "getRecipes: falling back to a synchronous message for:" "https://www.rewe.de"
console.warn: LoginRecipes: "getRecipes: falling back to a synchronous message for:" "https://www.rewe.de"
1652008561331	Marionette	INFO	Stopped listening on port 54083

###!!! [Parent][PGPUParent] Error: RunMessage(msgname=PGPU::Msg_ShutdownVR) Channel closing: too late to send/recv, messages will be lost

1652008617894	geckodriver	INFO	Listening on 127.0.0.1:51598
1652008620911	mozrunner::runner	INFO	Running command: "C:\\Program Files\\Mozilla Firefox\\firefox.exe" "--marionette" "-no-remote" "-profile" "C:\\Users\\Razke\\AppData\\Local\\Temp\\rust_mozprofilecvhdg0"
1652008621204	Marionette	INFO	Marionette enabled
console.warn: SearchSettings: "get: No settings file exists, new profile?" (new NotFoundError("Could not open the file at C:\\Users\\Razke\\AppData\\Local\\Temp\\rust_mozprofilecvhdg0\\search.json.mozlz4", (void 0)))
1652008623156	Marionette	INFO	Listening on port 51626
Read port: 51626
1652008623264	RemoteAgent	WARN	TLS certificate errors will be ignored for this session
JavaScript error: https://www.rewe.de/angebote/dettingen/865862/rewe-markt-kirchheimer-str-138 line 6 > injectedScript, line 2: ReferenceError: fbq is not defined
console.warn: LoginRecipes: "getRecipes: falling back to a synchronous message for:" "https://www.rewe.de"
console.warn: LoginRecipes: "getRecipes: falling back to a synchronous message for:" "https://www.rewe.de"
1652008631648	Marionette	INFO	Stopped listening on port 51626
[Parent 19256, IPC I/O Parent] WARNING: file /builds/worker/checkouts/gecko/ipc/chromium/src/base/process_util_win.cc:167
1652009020030	geckodriver	INFO	Listening on 127.0.0.1:63972
1652009023072	mozrunner::runner	INFO	Running command: "C:\\Program Files\\Mozilla Firefox\\firefox.exe" "--marionette" "-no-remote" "-profile" "C:\\Users\\Razke\\AppData\\Local\\Temp\\rust_mozprofile15adkZ"
1652009023372	Marionette	INFO	Marionette enabled
console.warn: SearchSettings: "get: No settings file exists, new profile?" (new NotFoundError("Could not open the file at C:\\Users\\Razke\\AppData\\Local\\Temp\\rust_mozprofile15adkZ\\search.json.mozlz4", (void 0)))
1652009025337	Marionette	INFO	Listening on port 64000
Read port: 64000
1652009025425	RemoteAgent	WARN	TLS certificate errors will be ignored for this session
1652009030509	Marionette	WARN	TimedPromise timed out after 500 ms: stacktrace:
TimedPromise/<@chrome://remote/content/marionette/sync.js:235:19
TimedPromise@chrome://remote/content/marionette/sync.js:220:10
interaction.flushEventLoop@chrome://remote/content/marionette/interaction.js:431:10
webdriverClickElement@chrome://remote/content/marionette/interaction.js:179:31
1652009031222	Marionette	WARN	TimedPromise timed out after 500 ms: stacktrace:
TimedPromise/<@chrome://remote/content/marionette/sync.js:235:19
TimedPromise@chrome://remote/content/marionette/sync.js:220:10
interaction.flushEventLoop@chrome://remote/content/marionette/interaction.js:431:10
webdriverClickElement@chrome://remote/content/marionette/interaction.js:179:31
JavaScript error: https://www.rewe.de/angebote/dettingen/865862/rewe-markt-kirchheimer-str-138 line 6 > injectedScript, line 2: ReferenceError: fbq is not defined
console.warn: LoginRecipes: "getRecipes: falling back to a synchronous message for:" "https://www.rewe.de"
1652009031954	Marionette	WARN	TimedPromise timed out after 500 ms: stacktrace:
TimedPromise/<@chrome://remote/content/marionette/sync.js:235:19
TimedPromise@chrome://remote/content/marionette/sync.js:220:10
interaction.flushEventLoop@chrome://remote/content/marionette/interaction.js:431:10
webdriverClickElement@chrome://remote/content/marionette/interaction.js:179:31
1652009032672	Marionette	WARN	TimedPromise timed out after 500 ms: stacktrace:
TimedPromise/<@chrome://remote/content/marionette/sync.js:235:19
TimedPromise@chrome://remote/content/marionette/sync.js:220:10
interaction.flushEventLoop@chrome://remote/content/marionette/interaction.js:431:10
webdriverClickElement@chrome://remote/content/marionette/interaction.js:179:31
console.warn: LoginRecipes: "getRecipes: falling back to a synchronous message for:" "https://www.rewe.de"
1652009033392	Marionette	WARN	TimedPromise timed out after 500 ms: stacktrace:
TimedPromise/<@chrome://remote/content/marionette/sync.js:235:19
TimedPromise@chrome://remote/content/marionette/sync.js:220:10
interaction.flushEventLoop@chrome://remote/content/marionette/interaction.js:431:10
webdriverClickElement@chrome://remote/content/marionette/interaction.js:179:31
1652009034109	Marionette	WARN	TimedPromise timed out after 500 ms: stacktrace:
TimedPromise/<@chrome://remote/content/marionette/sync.js:235:19
TimedPromise@chrome://remote/content/marionette/sync.js:220:10
interaction.flushEventLoop@chrome://remote/content/marionette/interaction.js:431:10
webdriverClickElement@chrome://remote/content/marionette/interaction.js:179:31
1652009034824	Marionette	WARN	TimedPromise timed out after 500 ms: stacktrace:
TimedPromise/<@chrome://remote/content/marionette/sync.js:235:19
TimedPromise@chrome://remote/content/marionette/sync.js:220:10
interaction.flushEventLoop@chrome://remote/content/marionette/interaction.js:431:10
webdriverClickElement@chrome://remote/content/marionette/interaction.js:179:31
1652009035535	Marionette	WARN	TimedPromise timed out after 500 ms: stacktrace:
TimedPromise/<@chrome://remote/content/marionette/sync.js:235:19
TimedPromise@chrome://remote/content/marionette/sync.js:220:10
interaction.flushEventLoop@chrome://remote/content/marionette/interaction.js:431:10
webdriverClickElement@chrome://remote/content/marionette/interaction.js:179:31
1652009036318	Marionette	WARN	TimedPromise timed out after 500 ms: stacktrace:
TimedPromise/<@chrome://remote/content/marionette/sync.js:235:19
TimedPromise@chrome://remote/content/marionette/sync.js:220:10
interaction.flushEventLoop@chrome://remote/content/marionette/interaction.js:431:10
webdriverClickElement@chrome://remote/content/marionette/interaction.js:179:31
1652009037036	Marionette	WARN	TimedPromise timed out after 500 ms: stacktrace:
TimedPromise/<@chrome://remote/content/marionette/sync.js:235:19
TimedPromise@chrome://remote/content/marionette/sync.js:220:10
interaction.flushEventLoop@chrome://remote/content/marionette/interaction.js:431:10
webdriverClickElement@chrome://remote/content/marionette/interaction.js:179:31
1652009037757	Marionette	WARN	TimedPromise timed out after 500 ms: stacktrace:
TimedPromise/<@chrome://remote/content/marionette/sync.js:235:19
TimedPromise@chrome://remote/content/marionette/sync.js:220:10
interaction.flushEventLoop@chrome://remote/content/marionette/interaction.js:431:10
webdriverClickElement@chrome://remote/content/marionette/interaction.js:179:31
1652009037994	Marionette	INFO	Stopped listening on port 64000

###!!! [Parent][PGPUParent] Error: RunMessage(msgname=PGPU::Msg_ShutdownVR) Channel closing: too late to send/recv, messages will be lost

1652009556619	geckodriver	INFO	Listening on 127.0.0.1:62597
1652009559648	mozrunner::runner	INFO	Running command: "C:\\Program Files\\Mozilla Firefox\\firefox.exe" "--marionette" "-no-remote" "-profile" "C:\\Users\\Razke\\AppData\\Local\\Temp\\rust_mozprofilehu31i1"
1652009559941	Marionette	INFO	Marionette enabled
console.warn: SearchSettings: "get: No settings file exists, new profile?" (new NotFoundError("Could not open the file at C:\\Users\\Razke\\AppData\\Local\\Temp\\rust_mozprofilehu31i1\\search.json.mozlz4", (void 0)))
1652009561903	Marionette	INFO	Listening on port 62625
Read port: 62625
1652009562008	RemoteAgent	WARN	TLS certificate errors will be ignored for this session
JavaScript error: https://www.rewe.de/angebote/dettingen/865862/rewe-markt-kirchheimer-str-138 line 6 > injectedScript, line 2: ReferenceError: fbq is not defined
console.warn: LoginRecipes: "getRecipes: falling back to a synchronous message for:" "https://www.rewe.de"
console.warn: LoginRecipes: "getRecipes: falling back to a synchronous message for:" "https://www.rewe.de"
1652009569684	Marionette	INFO	Stopped listening on port 62625

###!!! [Parent][PGPUParent] Error: RunMessage(msgname=PGPU::Msg_ShutdownVR) Channel closing: too late to send/recv, messages will be lost

1652009612710	geckodriver	INFO	Listening on 127.0.0.1:62769
1652009615754	mozrunner::runner	INFO	Running command: "C:\\Program Files\\Mozilla Firefox\\firefox.exe" "--marionette" "-no-remote" "-profile" "C:\\Users\\Razke\\AppData\\Local\\Temp\\rust_mozprofileouxkyJ"
1652009616150	Marionette	INFO	Marionette enabled
console.warn: SearchSettings: "get: No settings file exists, new profile?" (new NotFoundError("Could not open the file at C:\\Users\\Razke\\AppData\\Local\\Temp\\rust_mozprofileouxkyJ\\search.json.mozlz4", (void 0)))
1652009618359	Marionette	INFO	Listening on port 62800
Read port: 62800
1652009618431	RemoteAgent	WARN	TLS certificate errors will be ignored for this session
1652009623468	Marionette	WARN	TimedPromise timed out after 500 ms: stacktrace:
TimedPromise/<@chrome://remote/content/marionette/sync.js:235:19
TimedPromise@chrome://remote/content/marionette/sync.js:220:10
interaction.flushEventLoop@chrome://remote/content/marionette/interaction.js:431:10
webdriverClickElement@chrome://remote/content/marionette/interaction.js:179:31
1652009624184	Marionette	WARN	TimedPromise timed out after 500 ms: stacktrace:
TimedPromise/<@chrome://remote/content/marionette/sync.js:235:19
TimedPromise@chrome://remote/content/marionette/sync.js:220:10
interaction.flushEventLoop@chrome://remote/content/marionette/interaction.js:431:10
webdriverClickElement@chrome://remote/content/marionette/interaction.js:179:31
JavaScript error: https://www.rewe.de/angebote/dettingen/865862/rewe-markt-kirchheimer-str-138 line 6 > injectedScript, line 2: ReferenceError: fbq is not defined
console.warn: LoginRecipes: "getRecipes: falling back to a synchronous message for:" "https://www.rewe.de"
1652009624900	Marionette	WARN	TimedPromise timed out after 500 ms: stacktrace:
TimedPromise/<@chrome://remote/content/marionette/sync.js:235:19
TimedPromise@chrome://remote/content/marionette/sync.js:220:10
interaction.flushEventLoop@chrome://remote/content/marionette/interaction.js:431:10
webdriverClickElement@chrome://remote/content/marionette/interaction.js:179:31
1652009625613	Marionette	WARN	TimedPromise timed out after 500 ms: stacktrace:
TimedPromise/<@chrome://remote/content/marionette/sync.js:235:19
TimedPromise@chrome://remote/content/marionette/sync.js:220:10
interaction.flushEventLoop@chrome://remote/content/marionette/interaction.js:431:10
webdriverClickElement@chrome://remote/content/marionette/interaction.js:179:31
console.warn: LoginRecipes: "getRecipes: falling back to a synchronous message for:" "https://www.rewe.de"
1652009626330	Marionette	WARN	TimedPromise timed out after 500 ms: stacktrace:
TimedPromise/<@chrome://remote/content/marionette/sync.js:235:19
TimedPromise@chrome://remote/content/marionette/sync.js:220:10
interaction.flushEventLoop@chrome://remote/content/marionette/interaction.js:431:10
webdriverClickElement@chrome://remote/content/marionette/interaction.js:179:31
1652009627044	Marionette	WARN	TimedPromise timed out after 500 ms: stacktrace:
TimedPromise/<@chrome://remote/content/marionette/sync.js:235:19
TimedPromise@chrome://remote/content/marionette/sync.js:220:10
interaction.flushEventLoop@chrome://remote/content/marionette/interaction.js:431:10
webdriverClickElement@chrome://remote/content/marionette/interaction.js:179:31
1652009627758	Marionette	WARN	TimedPromise timed out after 500 ms: stacktrace:
TimedPromise/<@chrome://remote/content/marionette/sync.js:235:19
TimedPromise@chrome://remote/content/marionette/sync.js:220:10
interaction.flushEventLoop@chrome://remote/content/marionette/interaction.js:431:10
webdriverClickElement@chrome://remote/content/marionette/interaction.js:179:31
1652009628474	Marionette	WARN	TimedPromise timed out after 500 ms: stacktrace:
TimedPromise/<@chrome://remote/content/marionette/sync.js:235:19
TimedPromise@chrome://remote/content/marionette/sync.js:220:10
interaction.flushEventLoop@chrome://remote/content/marionette/interaction.js:431:10
webdriverClickElement@chrome://remote/content/marionette/interaction.js:179:31
1652009629254	Marionette	WARN	TimedPromise timed out after 500 ms: stacktrace:
TimedPromise/<@chrome://remote/content/marionette/sync.js:235:19
TimedPromise@chrome://remote/content/marionette/sync.js:220:10
interaction.flushEventLoop@chrome://remote/content/marionette/interaction.js:431:10
webdriverClickElement@chrome://remote/content/marionette/interaction.js:179:31
1652009629970	Marionette	WARN	TimedPromise timed out after 500 ms: stacktrace:
TimedPromise/<@chrome://remote/content/marionette/sync.js:235:19
TimedPromise@chrome://remote/content/marionette/sync.js:220:10
interaction.flushEventLoop@chrome://remote/content/marionette/interaction.js:431:10
webdriverClickElement@chrome://remote/content/marionette/interaction.js:179:31
1652009630687	Marionette	WARN	TimedPromise timed out after 500 ms: stacktrace:
TimedPromise/<@chrome://remote/content/marionette/sync.js:235:19
TimedPromise@chrome://remote/content/marionette/sync.js:220:10
interaction.flushEventLoop@chrome://remote/content/marionette/interaction.js:431:10
webdriverClickElement@chrome://remote/content/marionette/interaction.js:179:31
1652009630917	Marionette	INFO	Stopped listening on port 62800

###!!! [Parent][PGPUParent] Error: RunMessage(msgname=PGPU::Msg_ShutdownVR) Channel closing: too late to send/recv, messages will be lost

1652009684797	geckodriver	INFO	Listening on 127.0.0.1:62935
1652009687835	mozrunner::runner	INFO	Running command: "C:\\Program Files\\Mozilla Firefox\\firefox.exe" "--marionette" "-no-remote" "-profile" "C:\\Users\\Razke\\AppData\\Local\\Temp\\rust_mozprofileOjkJ46"
1652009688161	Marionette	INFO	Marionette enabled
console.warn: SearchSettings: "get: No settings file exists, new profile?" (new NotFoundError("Could not open the file at C:\\Users\\Razke\\AppData\\Local\\Temp\\rust_mozprofileOjkJ46\\search.json.mozlz4", (void 0)))
1652009690400	Marionette	INFO	Listening on port 62969
Read port: 62969
1652009690521	RemoteAgent	WARN	TLS certificate errors will be ignored for this session
JavaScript error: https://www.rewe.de/angebote/dettingen/865862/rewe-markt-kirchheimer-str-138 line 6 > injectedScript, line 2: ReferenceError: fbq is not defined
console.warn: LoginRecipes: "getRecipes: falling back to a synchronous message for:" "https://www.rewe.de"
console.warn: LoginRecipes: "getRecipes: falling back to a synchronous message for:" "https://www.rewe.de"
1652009698541	Marionette	INFO	Stopped listening on port 62969

###!!! [Parent][PGPUParent] Error: RunMessage(msgname=PGPU::Msg_ShutdownVR) Channel closing: too late to send/recv, messages will be lost

1652009729944	geckodriver	INFO	Listening on 127.0.0.1:63116
1652009732971	mozrunner::runner	INFO	Running command: "C:\\Program Files\\Mozilla Firefox\\firefox.exe" "--marionette" "-no-remote" "-profile" "C:\\Users\\Razke\\AppData\\Local\\Temp\\rust_mozprofile7cni6i"
1652009733305	Marionette	INFO	Marionette enabled
console.warn: SearchSettings: "get: No settings file exists, new profile?" (new NotFoundError("Could not open the file at C:\\Users\\Razke\\AppData\\Local\\Temp\\rust_mozprofile7cni6i\\search.json.mozlz4", (void 0)))
1652009735238	Marionette	INFO	Listening on port 63150
Read port: 63150
1652009735329	RemoteAgent	WARN	TLS certificate errors will be ignored for this session
JavaScript error: https://www.rewe.de/angebote/dettingen/865862/rewe-markt-kirchheimer-str-138 line 6 > injectedScript, line 2: ReferenceError: fbq is not defined
console.warn: LoginRecipes: "getRecipes: falling back to a synchronous message for:" "https://www.rewe.de"
console.warn: LoginRecipes: "getRecipes: falling back to a synchronous message for:" "https://www.rewe.de"
1652009743381	Marionette	INFO	Stopped listening on port 63150

###!!! [Parent][PGPUParent] Error: RunMessage(msgname=PGPU::Msg_ShutdownVR) Channel closing: too late to send/recv, messages will be lost

